<?xml version="1.0" encoding="UTF-8"?>
<!-- Generated by org.testng.reporters.JUnitXMLReporter -->
<testsuite ignored="0" hostname="HIMANSHU-PC" failures="3" tests="4" name="Test" time="259.528" errors="0" timestamp="2021-06-06T14:45:54 IST">
  <testcase classname="com.testcases.LoginPageTest" name="testLoginFunctionality" time="57.15"/>
  <testcase classname="com.testcases.LoginPageTest" name="testLoginFunctionality" time="50.293">
    <failure type="java.lang.RuntimeException" message="Expected condition failed: waiting for visibility of Proxy element for: DefaultElementLocator &amp;apos;By.id: ctl00_mainContent_rbtnl_Trip_1&amp;apos; (tried for 50 second(s) with 500 milliseconds interval)">
      <![CDATA[java.lang.RuntimeException: Expected condition failed: waiting for visibility of Proxy element for: DefaultElementLocator 'By.id: ctl00_mainContent_rbtnl_Trip_1' (tried for 50 second(s) with 500 milliseconds interval)
at com.commonactions.Commonactions.waitForElement(Commonactions.java:884)
at com.pages.SignupPage.selectRoundtrip(SignupPage.java:94)
at com.testcases.LoginPageTest.testLoginFunctionality(LoginPageTest.java:55)
at java.base/java.util.ArrayList.forEach(ArrayList.java:1511)
... Removed 27 stack frames]]>
    </failure>
  </testcase> <!-- testLoginFunctionality -->
  <testcase classname="com.testcases.LoginPageTest" name="testLoginFunctionality" time="50.284">
    <failure type="java.lang.RuntimeException" message="Expected condition failed: waiting for visibility of Proxy element for: DefaultElementLocator &amp;apos;By.id: ctl00_mainContent_rbtnl_Trip_1&amp;apos; (tried for 50 second(s) with 500 milliseconds interval)">
      <![CDATA[java.lang.RuntimeException: Expected condition failed: waiting for visibility of Proxy element for: DefaultElementLocator 'By.id: ctl00_mainContent_rbtnl_Trip_1' (tried for 50 second(s) with 500 milliseconds interval)
at com.commonactions.Commonactions.waitForElement(Commonactions.java:884)
at com.pages.SignupPage.selectRoundtrip(SignupPage.java:94)
at com.testcases.LoginPageTest.testLoginFunctionality(LoginPageTest.java:55)
at java.base/java.util.ArrayList.forEach(ArrayList.java:1511)
... Removed 27 stack frames]]>
    </failure>
  </testcase> <!-- testLoginFunctionality -->
  <testcase classname="com.testcases.LoginPageTest" name="testLoginFunctionality" time="51.429">
    <failure type="java.lang.RuntimeException" message="Expected condition failed: waiting for visibility of Proxy element for: DefaultElementLocator &amp;apos;By.id: ctl00_mainContent_rbtnl_Trip_1&amp;apos; (tried for 50 second(s) with 500 milliseconds interval)">
      <![CDATA[java.lang.RuntimeException: Expected condition failed: waiting for visibility of Proxy element for: DefaultElementLocator 'By.id: ctl00_mainContent_rbtnl_Trip_1' (tried for 50 second(s) with 500 milliseconds interval)
at com.commonactions.Commonactions.waitForElement(Commonactions.java:884)
at com.pages.SignupPage.selectRoundtrip(SignupPage.java:94)
at com.testcases.LoginPageTest.testLoginFunctionality(LoginPageTest.java:55)
at java.base/java.util.ArrayList.forEach(ArrayList.java:1511)
... Removed 27 stack frames]]>
    </failure>
  </testcase> <!-- testLoginFunctionality -->
</testsuite> <!-- Test -->
